********************************************************************************
DUPLICATOR-LITE PACKAGE-LOG: May 22, 2019 9:31 am
NOTICE: Do NOT post to public sites or forums 
********************************************************************************
VERSION:	1.3.12
WORDPRESS:	5.1.1
PHP INFO:	7.2.17-0ubuntu0.18.04.1 | SAPI: apache2handler
SERVER:		Apache/2.4.29 (Ubuntu) 
PHP TIME LIMIT: (0) no time limit imposed 
PHP MAX MEMORY: 4294967296 (256M default) 
MEMORY STACK: 8MB 

********************************************************************************
DATABASE:
********************************************************************************
BUILD MODE:   MYSQLDUMP
MYSQLTIMEOUT: 5000
MYSQLDUMP:    Is Supported 
SQL CREATED: 20190522_6e317c42978146df2217_20190522093112_database.sql 
SQL FILE SIZE: 23.6MB (24743293) 
SQL FILE TIME: 2019-05-22 09:31:21 
SQL RUNTIME: 0.67 sec. 

******************************************************************************** 
ARCHIVE Type=DUP Mode=DupArchive 
******************************************************************************** 
ARCHIVE DIR:  /var/www/html 
ARCHIVE FILE: 20190522_6e317c42978146df2217_20190522093112_archive.daf 
FILTERS: *OFF* 
DIRS:
	not set 
FILES:
	not set 
EXTS:  not set 
---------------------------------------- 
COMPRESSING 
SIZE:	321.91MB 
STATS:	Dirs 1,538 | Files 11,165 | Total 12,703 
building installer 
add_extra_files1 
add_extra_files2 
add_extra_files3 
add_extra_files4 
Doing archive file check 
add_extra_files5 
add_extra_files6 
add_extra_files7 
add_extra_files_using_da1 
Adding enhanced installer files to archive using DupArchive 
COMPRESSED SIZE: 185.06MB 
ARCHIVE RUNTIME: 24.05 sec. 
MEMORY STACK: 6MB 
CREATE WARNINGS: No warnings. 
VALIDATION WARNINGS: No warnings. 

******************************************************************************** 
INTEGRITY CHECKS: 
******************************************************************************** 
SQL FILE: 23.6MB 
INSTALLER FILE: 224.52KB 
ARCHIVE FILE: 185.06MB  
EXPECTED FILE/DIRECTORY COUNT: 12,862 
ACTUAL FILE/DIRECTORY COUNT: 12,862 

********************************************************************************
RECORD ID:[10]
TOTAL PROCESS RUNTIME: 24.11 sec.
PEAK PHP MEMORY USED: 8MB
DONE PROCESSING => 20190522 2019-05-22 09:31:44
 
