********************************************************************************
DUPLICATOR-LITE PACKAGE-LOG: May 19, 2019 11:13 am
NOTICE: Do NOT post to public sites or forums 
********************************************************************************
VERSION:	1.3.12
WORDPRESS:	5.1.1
PHP INFO:	7.2.17-0ubuntu0.18.04.1 | SAPI: apache2handler
SERVER:		Apache/2.4.29 (Ubuntu) 
PHP TIME LIMIT: (0) no time limit imposed 
PHP MAX MEMORY: 4294967296 (256M default) 
MEMORY STACK: 4MB 

********************************************************************************
DATABASE:
********************************************************************************
BUILD MODE:   MYSQLDUMP
MYSQLTIMEOUT: 5000
MYSQLDUMP:    Is Supported 
SQL CREATED: 20190519_1b1782c14f42d36c4742_20190519111316_database.sql 
SQL FILE SIZE: 20.33MB (21317072) 
SQL FILE TIME: 2019-05-19 11:13:29 
SQL RUNTIME: 0.54 sec. 

******************************************************************************** 
ARCHIVE (ZIP): 
******************************************************************************** 
ARCHIVE DIR:  /var/www/html 
ARCHIVE FILE: 20190519_1b1782c14f42d36c4742_20190519111316_archive.zip 
FILTERS: *OFF* 
DIRS:
	not set 
FILES:
	not set 
EXTS:  not set 
---------------------------------------- 
COMPRESSING 
SIZE:	318.51MB 
STATS:	Dirs 1,572 | Files 10,993 
SQL ADDED: 20190519_1b1782c14f42d36c4742_20190519111316_database.sql 
********************************************************************************
DUPLICATOR-LITE PACKAGE-LOG: May 19, 2019 11:14 am
NOTICE: Do NOT post to public sites or forums 
********************************************************************************
VERSION:	1.3.12
WORDPRESS:	5.1.1
PHP INFO:	7.2.17-0ubuntu0.18.04.1 | SAPI: apache2handler
SERVER:		Apache/2.4.29 (Ubuntu) 
PHP TIME LIMIT: (0) no time limit imposed 
PHP MAX MEMORY: 4294967296 (256M default) 
MEMORY STACK: 4MB 

********************************************************************************
DATABASE:
********************************************************************************
BUILD MODE:   MYSQLDUMP
MYSQLTIMEOUT: 5000
MYSQLDUMP:    Is Supported 
SQL CREATED: 20190519_1b1782c14f42d36c4742_20190519111316_database.sql 
SQL FILE SIZE: 40.66MB (42634158) 
SQL FILE TIME: 2019-05-19 11:14:33 
SQL RUNTIME: 0.60 sec. 

******************************************************************************** 
ARCHIVE (ZIP): 
******************************************************************************** 
ARCHIVE DIR:  /var/www/html 
ARCHIVE FILE: 20190519_1b1782c14f42d36c4742_20190519111316_archive.zip 
FILTERS: *OFF* 
DIRS:
	not set 
FILES:
	not set 
EXTS:  not set 
---------------------------------------- 
COMPRESSING 
SIZE:	318.51MB 
STATS:	Dirs 1,572 | Files 10,993 
SQL ADDED: 20190519_1b1782c14f42d36c4742_20190519111316_database.sql 
ZipArchive Object
(
    [status] => 0
    [statusSys] => 0
    [numFiles] => 12565
    [filename] => /var/www/html/wp-snapshots/tmp/20190519_1b1782c14f42d36c4742_20190519111316_archive.zip
    [comment] => 
)
 
FILE ADDED TO ZIP: 12564 
COMPRESSION RESULT: '1' 
COMPRESSED SIZE: 179.08MB 
ARCHIVE RUNTIME: 35.66 sec. 
MEMORY STACK: 296MB 
building installer 
add_extra_files1 
add_extra_files2 
add_extra_files3 
add_extra_files4 
Doing archive file check 
add_extra_files5 
add_extra_files6 
add_extra_files8 
Successfully opened zip /var/www/html/wp-snapshots/tmp/20190519_1b1782c14f42d36c4742_20190519111316_archive.zip 
Adding enhanced installer files to archive using ZipArchive 
Installer files added to archive 
Added to archive 
After ziparchive close when adding installer 

******************************************************************************** 
INTEGRITY CHECKS: 
******************************************************************************** 
SQL FILE: 40.66MB 
INSTALLER FILE: 210.88KB 
ARCHIVE FILE: 180.35MB  
EXPECTED FILE/DIRECTORY COUNT: 12,565 
ACTUAL FILE/DIRECTORY COUNT: 12,564 
ARCHIVE CONSISTENCY TEST: Pass 

********************************************************************************
RECORD ID:[6]
TOTAL PROCESS RUNTIME: 40.65 sec.
PEAK PHP MEMORY USED: 298MB
DONE PROCESSING => 20190519 May 19, 2019 11:15 am
 
