********************************************************************************
DUPLICATOR-LITE PACKAGE-LOG: April 23, 2019 11:11 am
NOTICE: Do NOT post to public sites or forums 
********************************************************************************
VERSION:	1.3.10
WORDPRESS:	5.1.1
PHP INFO:	7.2.15-0ubuntu0.18.04.2 | SAPI: apache2handler
SERVER:		Apache/2.4.29 (Ubuntu) 
PHP TIME LIMIT: (0) no time limit imposed 
PHP MAX MEMORY: 4294967296 (256M default) 
MEMORY STACK: 6MB 

********************************************************************************
DATABASE:
********************************************************************************
BUILD MODE:   MYSQLDUMP
MYSQLTIMEOUT: 5000
MYSQLDUMP:    Is Supported 
SQL CREATED: 20190423_connectmuslimswithmelbourne_2ca22d2612dca9d77455_20190423111110_database.sql 
SQL FILE SIZE: 6.9MB (7234495) 
SQL FILE TIME: 2019-04-23 11:11:41 
SQL RUNTIME: 0.27 sec. 

******************************************************************************** 
ARCHIVE (ZIP): 
******************************************************************************** 
ARCHIVE DIR:  /var/www/html/wordpress 
ARCHIVE FILE: 20190423_connectmuslimswithmelbourne_2ca22d2612dca9d77455_20190423111110_archive.zip 
FILTERS: *OFF* 
DIRS:
	not set 
FILES:
	not set 
EXTS:  not set 
---------------------------------------- 
COMPRESSING 
SIZE:	172.47MB 
STATS:	Dirs 989 | Files 6,839 
SQL ADDED: 20190423_connectmuslimswithmelbourne_2ca22d2612dca9d77455_20190423111110_database.sql 
ZipArchive Object
(
    [status] => 0
    [statusSys] => 0
    [numFiles] => 7828
    [filename] => /var/www/html/wordpress/wp-snapshots/tmp/20190423_connectmuslimswithmelbourne_2ca22d2612dca9d77455_20190423111110_archive.zip
    [comment] => 
)
 
FILE ADDED TO ZIP: 7827 
COMPRESSION RESULT: '1' 
COMPRESSED SIZE: 93.14MB 
ARCHIVE RUNTIME: 15.95 sec. 
MEMORY STACK: 8MB 
building installer 
add_extra_files1 
add_extra_files2 
add_extra_files3 
add_extra_files4 
Doing archive file check 
add_extra_files5 
add_extra_files6 
add_extra_files8 
Successfully opened zip /var/www/html/wordpress/wp-snapshots/tmp/20190423_connectmuslimswithmelbourne_2ca22d2612dca9d77455_20190423111110_archive.zip 
Adding enhanced installer files to archive using ZipArchive 
Installer files added to archive 
Added to archive 
After ziparchive close when adding installer 

******************************************************************************** 
INTEGRITY CHECKS: 
******************************************************************************** 
SQL FILE: 6.9MB 
INSTALLER FILE: 207.34KB 
ARCHIVE FILE: 94.11MB  
EXPECTED FILE/DIRECTORY COUNT: 7,828 
ACTUAL FILE/DIRECTORY COUNT: 7,827 
ARCHIVE CONSISTENCY TEST: Pass 

********************************************************************************
RECORD ID:[1]
TOTAL PROCESS RUNTIME: 17.51 sec.
PEAK PHP MEMORY USED: 10MB
DONE PROCESSING => 20190423_connectmuslimswithmelbourne April 23, 2019 11:11 am
 
